<?xml version="1.0" encoding="UTF-8"?>
<!-- Generated by org.testng.reporters.JUnitReportReporter -->
<testsuite hostname="A2-01" name="es.cea.PruebaTelevision" tests="3" failures="0" timestamp="17 Nov 2011 14:52:08 GMT" time="0,015" errors="0">
  <testcase name="controlExcepcion" time="0,000" classname="es.cea.PruebaTelevision"/>
  <testcase name="controlEdadTestMayor" time="0,000" classname="es.cea.PruebaTelevision"/>
  <testcase name="controlEdadTest" time="0,015" classname="es.cea.PruebaTelevision"/>
</testsuite>
