<?xml version="1.0" encoding="UTF-8"?>
<!-- Generated by org.testng.reporters.JUnitReportReporter -->
<testsuite hostname="A2-01" name="es.cea.Prueba" tests="2" failures="0" timestamp="16 Nov 2011 15:16:41 GMT" time="0,094" errors="0">
  <testcase name="bienvenidaTDD" time="0,016" classname="es.cea.Prueba"/>
  <testcase name="demostracionIdentidad" time="0,078" classname="es.cea.Prueba"/>
</testsuite>
