<?xml version="1.0" encoding="UTF-8"?>
<!-- Generated by org.testng.reporters.JUnitReportReporter -->
<testsuite hostname="A2-01" name="es.cea.TestServicioPeriodico" tests="2" failures="0" timestamp="18 Nov 2011 13:43:50 GMT" time="0,014" errors="0">
  <testcase name="pruebaDameNoticiasOK" time="0,001" classname="es.cea.TestServicioPeriodico"/>
  <testcase name="pruebaDameNoticiasFALSO" time="0,013" classname="es.cea.TestServicioPeriodico"/>
</testsuite>
